Performing C SOURCE FILE Test CMAKE_HAVE_LIBC_PTHREAD failed with the following output:
Change Dir: /home/andrey/fineftpvfs/cmake-build-debug/CMakeFiles/CMakeTmp

Run Build Command(s):/usr/bin/make cmTC_c8526/fast && /usr/bin/make  -f CMakeFiles/cmTC_c8526.dir/build.make CMakeFiles/cmTC_c8526.dir/build
make[1]: Entering directory '/home/andrey/fineftpvfs/cmake-build-debug/CMakeFiles/CMakeTmp'
Building C object CMakeFiles/cmTC_c8526.dir/src.c.o
/usr/bin/cc -DCMAKE_HAVE_LIBC_PTHREAD  -fPIE -o CMakeFiles/cmTC_c8526.dir/src.c.o -c /home/andrey/fineftpvfs/cmake-build-debug/CMakeFiles/CMakeTmp/src.c
Linking C executable cmTC_c8526
/home/andrey/clion-2020.2.3/bin/cmake/linux/bin/cmake -E cmake_link_script CMakeFiles/cmTC_c8526.dir/link.txt --verbose=1
/usr/bin/cc CMakeFiles/cmTC_c8526.dir/src.c.o -o cmTC_c8526 
CMakeFiles/cmTC_c8526.dir/src.c.o: In function `main':
src.c:(.text+0x3e): undefined reference to `pthread_create'
src.c:(.text+0x4a): undefined reference to `pthread_detach'
src.c:(.text+0x56): undefined reference to `pthread_cancel'
src.c:(.text+0x67): undefined reference to `pthread_join'
src.c:(.text+0x7b): undefined reference to `pthread_atfork'
collect2: error: ld returned 1 exit status
CMakeFiles/cmTC_c8526.dir/build.make:105: recipe for target 'cmTC_c8526' failed
make[1]: *** [cmTC_c8526] Error 1
make[1]: Leaving directory '/home/andrey/fineftpvfs/cmake-build-debug/CMakeFiles/CMakeTmp'
Makefile:140: recipe for target 'cmTC_c8526/fast' failed
make: *** [cmTC_c8526/fast] Error 2


Source file was:
#include <pthread.h>

static void* test_func(void* data)
{
  return data;
}

int main(void)
{
  pthread_t thread;
  pthread_create(&thread, NULL, test_func, NULL);
  pthread_detach(thread);
  pthread_cancel(thread);
  pthread_join(thread, NULL);
  pthread_atfork(NULL, NULL, NULL);
  pthread_exit(NULL);

  return 0;
}

Determining if the function pthread_create exists in the pthreads failed with the following output:
Change Dir: /home/andrey/fineftpvfs/cmake-build-debug/CMakeFiles/CMakeTmp

Run Build Command(s):/usr/bin/make cmTC_76cf8/fast && /usr/bin/make  -f CMakeFiles/cmTC_76cf8.dir/build.make CMakeFiles/cmTC_76cf8.dir/build
make[1]: Entering directory '/home/andrey/fineftpvfs/cmake-build-debug/CMakeFiles/CMakeTmp'
Building C object CMakeFiles/cmTC_76cf8.dir/CheckFunctionExists.c.o
/usr/bin/cc   -DCHECK_FUNCTION_EXISTS=pthread_create -fPIE -o CMakeFiles/cmTC_76cf8.dir/CheckFunctionExists.c.o -c /home/andrey/clion-2020.2.3/bin/cmake/linux/share/cmake-3.19/Modules/CheckFunctionExists.c
Linking C executable cmTC_76cf8
/home/andrey/clion-2020.2.3/bin/cmake/linux/bin/cmake -E cmake_link_script CMakeFiles/cmTC_76cf8.dir/link.txt --verbose=1
/usr/bin/cc  -DCHECK_FUNCTION_EXISTS=pthread_create CMakeFiles/cmTC_76cf8.dir/CheckFunctionExists.c.o -o cmTC_76cf8  -lpthreads 
/usr/bin/ld: cannot find -lpthreads
collect2: error: ld returned 1 exit status
CMakeFiles/cmTC_76cf8.dir/build.make:105: recipe for target 'cmTC_76cf8' failed
make[1]: *** [cmTC_76cf8] Error 1
make[1]: Leaving directory '/home/andrey/fineftpvfs/cmake-build-debug/CMakeFiles/CMakeTmp'
Makefile:140: recipe for target 'cmTC_76cf8/fast' failed
make: *** [cmTC_76cf8/fast] Error 2



Determining if the strtod_l exist failed with the following output:
Change Dir: /home/andrey/fineftpvfs/cmake-build-debug/CMakeFiles/CMakeTmp

Run Build Command(s):/usr/bin/make cmTC_fab82/fast && /usr/bin/make  -f CMakeFiles/cmTC_fab82.dir/build.make CMakeFiles/cmTC_fab82.dir/build
make[1]: Entering directory '/home/andrey/fineftpvfs/cmake-build-debug/CMakeFiles/CMakeTmp'
Building C object CMakeFiles/cmTC_fab82.dir/CheckSymbolExists.c.o
/usr/bin/cc    -o CMakeFiles/cmTC_fab82.dir/CheckSymbolExists.c.o -c /home/andrey/fineftpvfs/cmake-build-debug/CMakeFiles/CMakeTmp/CheckSymbolExists.c
/home/andrey/fineftpvfs/cmake-build-debug/CMakeFiles/CMakeTmp/CheckSymbolExists.c: In function ‘main’:
/home/andrey/fineftpvfs/cmake-build-debug/CMakeFiles/CMakeTmp/CheckSymbolExists.c:8:19: error: ‘strtod_l’ undeclared (first use in this function); did you mean ‘strtoull’?
   return ((int*)(&strtod_l))[argc];
                   ^~~~~~~~
                   strtoull
/home/andrey/fineftpvfs/cmake-build-debug/CMakeFiles/CMakeTmp/CheckSymbolExists.c:8:19: note: each undeclared identifier is reported only once for each function it appears in
CMakeFiles/cmTC_fab82.dir/build.make:84: recipe for target 'CMakeFiles/cmTC_fab82.dir/CheckSymbolExists.c.o' failed
make[1]: *** [CMakeFiles/cmTC_fab82.dir/CheckSymbolExists.c.o] Error 1
make[1]: Leaving directory '/home/andrey/fineftpvfs/cmake-build-debug/CMakeFiles/CMakeTmp'
Makefile:140: recipe for target 'cmTC_fab82/fast' failed
make: *** [cmTC_fab82/fast] Error 2


File /home/andrey/fineftpvfs/cmake-build-debug/CMakeFiles/CMakeTmp/CheckSymbolExists.c:
/* */
#include <stdlib.h>

int main(int argc, char** argv)
{
  (void)argv;
#ifndef strtod_l
  return ((int*)(&strtod_l))[argc];
#else
  (void)argc;
  return 0;
#endif
}
