Determining if the pthread_create exist failed with the following output:
Change Dir: /home/andrey/fineftp-server/fineftp-server/build/CMakeFiles/CMakeTmp

Run Build Command:"/usr/bin/make" "cmTC_17148/fast"
/usr/bin/make -f CMakeFiles/cmTC_17148.dir/build.make CMakeFiles/cmTC_17148.dir/build
make[1]: Entering directory '/home/andrey/fineftp-server/fineftp-server/build/CMakeFiles/CMakeTmp'
Building C object CMakeFiles/cmTC_17148.dir/CheckSymbolExists.c.o
/usr/bin/cc   -fPIE   -o CMakeFiles/cmTC_17148.dir/CheckSymbolExists.c.o   -c /home/andrey/fineftp-server/fineftp-server/build/CMakeFiles/CMakeTmp/CheckSymbolExists.c
Linking C executable cmTC_17148
/usr/bin/cmake -E cmake_link_script CMakeFiles/cmTC_17148.dir/link.txt --verbose=1
/usr/bin/cc      CMakeFiles/cmTC_17148.dir/CheckSymbolExists.c.o  -o cmTC_17148 
CMakeFiles/cmTC_17148.dir/CheckSymbolExists.c.o: In function `main':
CheckSymbolExists.c:(.text+0x1b): undefined reference to `pthread_create'
collect2: error: ld returned 1 exit status
CMakeFiles/cmTC_17148.dir/build.make:97: recipe for target 'cmTC_17148' failed
make[1]: *** [cmTC_17148] Error 1
make[1]: Leaving directory '/home/andrey/fineftp-server/fineftp-server/build/CMakeFiles/CMakeTmp'
Makefile:126: recipe for target 'cmTC_17148/fast' failed
make: *** [cmTC_17148/fast] Error 2

File /home/andrey/fineftp-server/fineftp-server/build/CMakeFiles/CMakeTmp/CheckSymbolExists.c:
/* */
#include <pthread.h>

int main(int argc, char** argv)
{
  (void)argv;
#ifndef pthread_create
  return ((int*)(&pthread_create))[argc];
#else
  (void)argc;
  return 0;
#endif
}

Determining if the function pthread_create exists in the pthreads failed with the following output:
Change Dir: /home/andrey/fineftp-server/fineftp-server/build/CMakeFiles/CMakeTmp

Run Build Command:"/usr/bin/make" "cmTC_307de/fast"
/usr/bin/make -f CMakeFiles/cmTC_307de.dir/build.make CMakeFiles/cmTC_307de.dir/build
make[1]: Entering directory '/home/andrey/fineftp-server/fineftp-server/build/CMakeFiles/CMakeTmp'
Building C object CMakeFiles/cmTC_307de.dir/CheckFunctionExists.c.o
/usr/bin/cc   -DCHECK_FUNCTION_EXISTS=pthread_create -fPIE   -o CMakeFiles/cmTC_307de.dir/CheckFunctionExists.c.o   -c /usr/share/cmake-3.10/Modules/CheckFunctionExists.c
Linking C executable cmTC_307de
/usr/bin/cmake -E cmake_link_script CMakeFiles/cmTC_307de.dir/link.txt --verbose=1
/usr/bin/cc  -DCHECK_FUNCTION_EXISTS=pthread_create    CMakeFiles/cmTC_307de.dir/CheckFunctionExists.c.o  -o cmTC_307de -lpthreads 
/usr/bin/ld: cannot find -lpthreads
collect2: error: ld returned 1 exit status
CMakeFiles/cmTC_307de.dir/build.make:97: recipe for target 'cmTC_307de' failed
make[1]: *** [cmTC_307de] Error 1
make[1]: Leaving directory '/home/andrey/fineftp-server/fineftp-server/build/CMakeFiles/CMakeTmp'
Makefile:126: recipe for target 'cmTC_307de/fast' failed
make: *** [cmTC_307de/fast] Error 2


